#
# A fatal error has been detected by the Java Runtime Environment:
#
#  EXCEPTION_ACCESS_VIOLATION (0xc0000005) at pc=0x00007fff91f5d0c5, pid=13856, tid=15220
#
# JRE version: Java(TM) SE Runtime Environment (16.0.1+9) (build 16.0.1+9-24)
# Java VM: Java HotSpot(TM) 64-Bit Server VM (16.0.1+9-24, mixed mode, sharing, tiered, compressed oops, compressed class ptrs, g1 gc, windows-amd64)
# Problematic frame:
# V  [jvm.dll+0x32d0c5]
#
# No core dump will be written. Minidumps are not enabled by default on client versions of Windows
#
# If you would like to submit a bug report, please visit:
#   https://bugreport.java.com/bugreport/crash.jsp
#

---------------  S U M M A R Y ------------

Command Line: -XX:+ShowCodeDetailsInExceptionMessages -agentlib:jdwp=transport=dt_socket,suspend=y,address=localhost:54768 -ea -javaagent:C:\Users\Bijan\Desktop\eclipse\eclipse\configuration\org.eclipse.osgi\412\0\.cp\lib\javaagent-shaded.jar -Dfile.encoding=UTF-8 org.eclipse.jdt.internal.junit.runner.RemoteTestRunner -version 3 -port 54767 -testLoaderClass org.eclipse.jdt.internal.junit5.runner.JUnit5TestLoader -loaderpluginname org.eclipse.jdt.junit5.runtime -classNames cst438hw2.controller.CityRestControllerTest

Host: Intel(R) Core(TM) i7-7700 CPU @ 3.60GHz, 8 cores, 15G,  Windows 10 , 64 bit Build 18362 (10.0.18362.1500)
Time: Mon May 10 21:06:56 2021 Pacific Daylight Time elapsed time: 4183.722814 seconds (0d 1h 9m 43s)

---------------  T H R E A D  ---------------

Current thread (0x000001dd3a2c9500):  VMThread "VM Thread" [stack: 0x0000004a90600000,0x0000004a90700000] [id=15220]

Stack: [0x0000004a90600000,0x0000004a90700000],  sp=0x0000004a906ff1d0,  free space=1020k
Native frames: (J=compiled Java code, j=interpreted, Vv=VM code, C=native code)
V  [jvm.dll+0x32d0c5]
V  [jvm.dll+0x32f65d]
V  [jvm.dll+0x32fd1e]
V  [jvm.dll+0x32d39f]
V  [jvm.dll+0x32c627]
V  [jvm.dll+0x6572ce]
V  [jvm.dll+0x656fd3]
V  [jvm.dll+0x61c848]
V  [jvm.dll+0x7c1e55]
V  [jvm.dll+0x520b76]
V  [jvm.dll+0x7d05eb]
V  [jvm.dll+0x7d12e4]
V  [jvm.dll+0x7d17e9]
V  [jvm.dll+0x7d1aa4]
V  [jvm.dll+0x7d1b70]
V  [jvm.dll+0x779b4a]
V  [jvm.dll+0x667666]
C  [ucrtbase.dll+0x210b2]
C  [KERNEL32.DLL+0x17c24]
C  [ntdll.dll+0x6d721]


siginfo: EXCEPTION_ACCESS_VIOLATION (0xc0000005), reading address 0xffffffffffffffff


Register to memory mapping:

RIP=0x00007fff91f5d0c5 jvm.dll
RAX=0x000200010004000e is an unknown value
RBX=0x0000004a906ff470 points into unknown readable memory: 0x00007fff925621e8 | e8 21 56 92 ff 7f 00 00
RCX=0x00000000000000ff is an unknown value
RDX=15313 is a compressed pointer to class: 0x000000080001de88
java.lang.ClassLoader$ParallelLoaders {0x000000080001de90}
RSP=0x0000004a906ff1d0 points into unknown readable memory: 0x0000004a906ff240 | 40 f2 6f 90 4a 00 00 00
RBP=0x0 is NULL
RSI=0x0000000000000001 is an unknown value
RDI=0x000001dd3a894550 is pointing into metadata
R8 =0x0 is NULL
R9 =0x000001dd3a894550 is pointing into metadata
R10=0x0000004a906ff470 points into unknown readable memory: 0x00007fff925621e8 | e8 21 56 92 ff 7f 00 00
R11={method} {0x000001dd3a894e88} 'test1' '()V' in 'cst438hw2/controller/CityRestControllerTest'
R12=0x00007fff91c30000 jvm.dll
R13=0x000001dd3f274240 points into unknown readable memory: 0x0000000000000000 | 00 00 00 00 00 00 00 00
R14=0x000001dd3a894dc6 is pointing into metadata
R15=0x000000000000008e is an unknown value


Registers:
RAX=0x000200010004000e, RBX=0x0000004a906ff470, RCX=0x00000000000000ff, RDX=0x0000000000003bd1
RSP=0x0000004a906ff1d0, RBP=0x0000000000000000, RSI=0x0000000000000001, RDI=0x000001dd3a894550
R8 =0x0000000000000000, R9 =0x000001dd3a894550, R10=0x0000004a906ff470, R11=0x000001dd3a894e80
R12=0x00007fff91c30000, R13=0x000001dd3f274240, R14=0x000001dd3a894dc6, R15=0x000000000000008e
RIP=0x00007fff91f5d0c5, EFLAGS=0x0000000000010206

Top of Stack: (sp=0x0000004a906ff1d0)
0x0000004a906ff1d0:   0000004a906ff240 00007fff91f60ca3
0x0000004a906ff1e0:   0000004a906ff240 00007fff91d552ae
0x0000004a906ff1f0:   000000004fffffff 00007ffff188647b
0x0000004a906ff200:   8fffffff4600000c 00007fff91e687ad
0x0000004a906ff210:   00005abf21b98131 00005abf21b98101
0x0000004a906ff220:   000001dd3a894dc6 00000000000000b4
0x0000004a906ff230:   0000004a906ff470 00007fff91f5f65d
0x0000004a906ff240:   000001dd3a894dc5 0000004a906ff2e0
0x0000004a906ff250:   0000004a906ff310 000001dd3a894da7
0x0000004a906ff260:   0000004a0000002e 0000000000000000
0x0000004a906ff270:   000001dd3a894e80 000001dd3a2c9500
0x0000004a906ff280:   000001dd3a894db1 00007fff00000012
0x0000004a906ff290:   000001dd3a894e80 0000004a906ff470
0x0000004a906ff2a0:   000000000000008e 00000000000000b4
0x0000004a906ff2b0:   0000004a906ff470 00007fff91f5fd1e
0x0000004a906ff2c0:   000001dd3a894e80 0000004a906ff310 

Instructions: (pc=0x00007fff91f5d0c5)
0x00007fff91f5cfc5:   42 8b 1c 81 4e 8d 34 81 8b 75 58 41 81 e0 ff ff
0x00007fff91f5cfd5:   ff 00 41 81 c8 00 00 00 47 48 8b cd 45 89 06 c7
0x00007fff91f5cfe5:   45 58 01 00 00 00 e8 b0 38 00 00 66 83 7c 24 68
0x00007fff91f5cff5:   00 41 89 1e 89 75 58 74 40 8b 4c 24 70 49 ff c7
0x00007fff91f5d005:   0f b7 c1 48 83 c7 08 4c 3b f8 0f 8c 4b ff ff ff
0x00007fff91f5d015:   83 7d 5c 00 74 23 48 83 3d 0d a7 7a 00 00 74 15
0x00007fff91f5d025:   80 7d 42 00 74 0f 48 8d 15 a6 04 5c 00 48 8b cd
0x00007fff91f5d035:   e8 d6 42 00 00 c6 45 42 00 4c 8b 74 24 28 4c 8b
0x00007fff91f5d045:   6c 24 30 4c 8b 64 24 38 48 8b 7c 24 40 48 8b 74
0x00007fff91f5d055:   24 48 48 8b 5c 24 60 4c 8b 7c 24 20 48 83 c4 50
0x00007fff91f5d065:   5d c3 cc cc cc cc cc cc cc cc cc 48 89 5c 24 10
0x00007fff91f5d075:   48 89 6c 24 18 56 57 41 56 48 83 ec 50 48 8b 05
0x00007fff91f5d085:   7f 3c 77 00 48 33 c4 48 89 44 24 40 48 8b 41 08
0x00007fff91f5d095:   48 8b d9 41 8b e8 8b f2 45 33 c0 41 8b d1 48 8b
0x00007fff91f5d0a5:   48 08 48 8b 79 08 48 8b cf e8 bd d4 f0 ff 8b d0
0x00007fff91f5d0b5:   48 8b cf e8 e3 ff f0 ff 48 63 c8 48 8b 44 cf 48
0x00007fff91f5d0c5:   0f be 48 06 e8 22 88 3b 00 8b 0d 54 a5 7a 00 48
0x00007fff91f5d0d5:   8d 3d 51 a5 7a 00 8d 50 f4 83 fa 01 76 27 8d 50
0x00007fff91f5d0e5:   f9 f7 c2 fb ff ff ff 74 13 83 f8 0e 48 8d 15 40
0x00007fff91f5d0f5:   a5 7a 00 4c 8b d7 4c 0f 45 d2 eb 27 4c 8d 15 60
0x00007fff91f5d105:   a5 7a 00 eb 1e 8b 84 24 90 00 00 00 4c 8d 54 24
0x00007fff91f5d115:   30 25 ff ff ff 00 89 4c 24 34 0d 00 00 00 46 89
0x00007fff91f5d125:   44 24 30 45 33 c0 85 f6 74 05 49 8b fa eb 29 41
0x00007fff91f5d135:   8b 02 85 c0 74 22 49 8b d0 4d 8b c8 42 89 44 0c
0x00007fff91f5d145:   20 48 8d 52 01 4c 8d 0c 95 00 00 00 00 41 ff c0
0x00007fff91f5d155:   43 8b 04 11 85 c0 75 e4 85 ed 75 10 8b 05 ed 4d
0x00007fff91f5d165:   74 00 49 63 d0 41 ff c0 89 44 94 20 49 63 c0 4c
0x00007fff91f5d175:   8d 74 24 20 89 4c 84 20 8b 74 24 20 85 f6 74 4c
0x00007fff91f5d185:   48 63 53 58 85 d2 7f 18 48 8d 15 ac db 57 00 48
0x00007fff91f5d195:   8b cb e8 44 48 00 00 44 8b 05 91 a4 7a 00 eb 16
0x00007fff91f5d1a5:   48 63 4b 20 8d 42 ff 89 43 58 48 03 ca 48 8b 43
0x00007fff91f5d1b5:   48 44 8b 44 88 fc 8b d6 48 8b cb e8 6b f0 ff ff 


Stack slot to memory mapping:
stack at sp + 0 slots: 0x0000004a906ff240 points into unknown readable memory: 0x000001dd3a894dc5 | c5 4d 89 3a dd 01 00 00
stack at sp + 1 slots: 0x00007fff91f60ca3 jvm.dll
stack at sp + 2 slots: 0x0000004a906ff240 points into unknown readable memory: 0x000001dd3a894dc5 | c5 4d 89 3a dd 01 00 00
stack at sp + 3 slots: 0x00007fff91d552ae jvm.dll
stack at sp + 4 slots: 0x000000004fffffff is an unknown value
stack at sp + 5 slots: 0x00007ffff188647b ucrtbase.dll
stack at sp + 6 slots: 0x8fffffff4600000c is an unknown value
stack at sp + 7 slots: 0x00007fff91e687ad jvm.dll

VM_Operation (0x0000004a912ff4f0): get/set locals, mode: safepoint, requested by thread 0x000001dd3adb21c0


---------------  P R O C E S S  ---------------

Threads class SMR info:
_java_thread_list=0x000001dd43e707b0, length=16, elements={
0x000001dd176403a0, 0x000001dd3a2cec00, 0x000001dd3a2d2180, 0x000001dd3a2def70,
0x000001dd3a2dfa80, 0x000001dd3a2e0d30, 0x000001dd3a2e3df0, 0x000001dd3a2e8e70,
0x000001dd3a2ef7f0, 0x000001dd3a2f0cd0, 0x000001dd3a2aefc0, 0x000001dd3adb21c0,
0x000001dd3adb40c0, 0x000001dd3adb6910, 0x000001dd3b628e90, 0x000001dd3c02f790
}

Java Threads: ( => current thread )
  0x000001dd176403a0 JavaThread "main" [_thread_blocked, id=7876, stack(0x0000004a90000000,0x0000004a90100000)]
  0x000001dd3a2cec00 JavaThread "Reference Handler" daemon [_thread_blocked, id=14620, stack(0x0000004a90700000,0x0000004a90800000)]
  0x000001dd3a2d2180 JavaThread "Finalizer" daemon [_thread_blocked, id=13016, stack(0x0000004a90800000,0x0000004a90900000)]
  0x000001dd3a2def70 JavaThread "Signal Dispatcher" daemon [_thread_blocked, id=14660, stack(0x0000004a90900000,0x0000004a90a00000)]
  0x000001dd3a2dfa80 JavaThread "Attach Listener" daemon [_thread_blocked, id=7132, stack(0x0000004a90a00000,0x0000004a90b00000)]
  0x000001dd3a2e0d30 JavaThread "Service Thread" daemon [_thread_blocked, id=10404, stack(0x0000004a90b00000,0x0000004a90c00000)]
  0x000001dd3a2e3df0 JavaThread "Monitor Deflation Thread" daemon [_thread_blocked, id=13872, stack(0x0000004a90c00000,0x0000004a90d00000)]
  0x000001dd3a2e8e70 JavaThread "C2 CompilerThread0" daemon [_thread_blocked, id=3256, stack(0x0000004a90d00000,0x0000004a90e00000)]
  0x000001dd3a2ef7f0 JavaThread "C1 CompilerThread0" daemon [_thread_blocked, id=280, stack(0x0000004a90e00000,0x0000004a90f00000)]
  0x000001dd3a2f0cd0 JavaThread "Sweeper thread" daemon [_thread_blocked, id=14996, stack(0x0000004a90f00000,0x0000004a91000000)]
  0x000001dd3a2aefc0 JavaThread "Common-Cleaner" daemon [_thread_blocked, id=9020, stack(0x0000004a91000000,0x0000004a91100000)]
  0x000001dd3adb21c0 JavaThread "JDWP Transport Listener: dt_socket" daemon [_thread_blocked, id=12024, stack(0x0000004a91200000,0x0000004a91300000)]
  0x000001dd3adb40c0 JavaThread "JDWP Event Helper Thread" daemon [_thread_blocked, id=12832, stack(0x0000004a91300000,0x0000004a91400000)]
  0x000001dd3adb6910 JavaThread "JDWP Command Reader" daemon [_thread_in_native, id=3784, stack(0x0000004a91400000,0x0000004a91500000)]
  0x000001dd3b628e90 JavaThread "Notification Thread" daemon [_thread_blocked, id=732, stack(0x0000004a91500000,0x0000004a91600000)]
  0x000001dd3c02f790 JavaThread "ReaderThread" [_thread_in_native, id=2128, stack(0x0000004a91800000,0x0000004a91900000)]

Other Threads:
=>0x000001dd3a2c9500 VMThread "VM Thread" [stack: 0x0000004a90600000,0x0000004a90700000] [id=15220]
  0x000001dd3b6293b0 WatcherThread [stack: 0x0000004a91600000,0x0000004a91700000] [id=6840]
  0x000001dd17694140 GCTaskThread "GC Thread#0" [stack: 0x0000004a90100000,0x0000004a90200000] [id=7120]
  0x000001dd3bd1afc0 GCTaskThread "GC Thread#1" [stack: 0x0000004a91900000,0x0000004a91a00000] [id=10400]
  0x000001dd3be5e0a0 GCTaskThread "GC Thread#2" [stack: 0x0000004a91a00000,0x0000004a91b00000] [id=9752]
  0x000001dd3be5e3b0 GCTaskThread "GC Thread#3" [stack: 0x0000004a91b00000,0x0000004a91c00000] [id=13696]
  0x000001dd3bf461a0 GCTaskThread "GC Thread#4" [stack: 0x0000004a91c00000,0x0000004a91d00000] [id=14588]
  0x000001dd3bf46cc0 GCTaskThread "GC Thread#5" [stack: 0x0000004a91d00000,0x0000004a91e00000] [id=14544]
  0x000001dd3bb47cf0 GCTaskThread "GC Thread#6" [stack: 0x0000004a91e00000,0x0000004a91f00000] [id=10616]
  0x000001dd3bcde770 GCTaskThread "GC Thread#7" [stack: 0x0000004a91f00000,0x0000004a92000000] [id=3096]
  0x000001dd176a4fa0 ConcurrentGCThread "G1 Main Marker" [stack: 0x0000004a90200000,0x0000004a90300000] [id=14852]
  0x000001dd176a60c0 ConcurrentGCThread "G1 Conc#0" [stack: 0x0000004a90300000,0x0000004a90400000] [id=14824]
  0x000001dd4090f060 ConcurrentGCThread "G1 Conc#1" [stack: 0x0000004a92100000,0x0000004a92200000] [id=8416]
  0x000001dd3a1844e0 ConcurrentGCThread "G1 Refine#0" [stack: 0x0000004a90400000,0x0000004a90500000] [id=9092]
  0x000001dd176f8f20 ConcurrentGCThread "G1 Service" [stack: 0x0000004a90500000,0x0000004a90600000] [id=12396]

Threads with active compile tasks:

VM state: at safepoint (normal execution)

VM Mutex/Monitor currently owned by a thread:  ([mutex/lock_event])
[0x000001dd1763d300] Threads_lock - owner thread: 0x000001dd3a2c9500

Heap address: 0x0000000700e00000, size: 4082 MB, Compressed Oops mode: Zero based, Oop shift amount: 3

CDS archive(s) mapped at: [0x0000000800000000-0x0000000800bb0000-0x0000000800bb0000), size 12255232, SharedBaseAddress: 0x0000000800000000, ArchiveRelocationMode: 0.
Compressed class space mapped at: 0x0000000800c00000-0x0000000840c00000, reserved size: 1073741824
Narrow klass base: 0x0000000800000000, Narrow klass shift: 3, Narrow klass range: 0x100000000

GC Precious Log:
 CPUs: 8 total, 8 available
 Memory: 16327M
 Large Page Support: Disabled
 NUMA Support: Disabled
 Compressed Oops: Enabled (Zero based)
 Heap Region Size: 2M
 Heap Min Capacity: 8M
 Heap Initial Capacity: 256M
 Heap Max Capacity: 4082M
 Pre-touch: Disabled
 Parallel Workers: 8
 Concurrent Workers: 2
 Concurrent Refinement Workers: 8
 Periodic GC: Disabled

Heap:
 garbage-first heap   total 69632K, used 33160K [0x0000000700e00000, 0x0000000800000000)
  region size 2048K, 10 young (20480K), 2 survivors (4096K)
 Metaspace       used 36178K, committed 36544K, reserved 1081344K
  class space    used 4955K, committed 5120K, reserved 1048576K

Heap Regions: E=young(eden), S=young(survivor), O=old, HS=humongous(starts), HC=humongous(continues), CS=collection set, F=free, OA=open archive, CA=closed archive, TAMS=top-at-mark-start (previous, next)
|   0|0x0000000700e00000, 0x0000000701000000, 0x0000000701000000|100%| O|  |TAMS 0x0000000701000000, 0x0000000700e00000| Untracked 
|   1|0x0000000701000000, 0x0000000701200000, 0x0000000701200000|100%| O|  |TAMS 0x0000000701200000, 0x0000000701000000| Untracked 
|   2|0x0000000701200000, 0x0000000701400000, 0x0000000701400000|100%| O|  |TAMS 0x0000000701400000, 0x0000000701200000| Untracked 
|   3|0x0000000701400000, 0x0000000701436800, 0x0000000701600000| 10%| O|  |TAMS 0x0000000701436800, 0x0000000701400000| Untracked 
|   4|0x0000000701600000, 0x0000000701800000, 0x0000000701800000|100%| O|  |TAMS 0x0000000701800000, 0x0000000701600000| Untracked 
|   5|0x0000000701800000, 0x0000000701a00000, 0x0000000701a00000|100%| O|  |TAMS 0x0000000701a00000, 0x0000000701800000| Untracked 
|   6|0x0000000701a00000, 0x0000000701c00000, 0x0000000701c00000|100%| O|  |TAMS 0x0000000701c00000, 0x0000000701a00000| Untracked 
|   7|0x0000000701c00000, 0x0000000701e00000, 0x0000000701e00000|100%| O|  |TAMS 0x0000000701c96800, 0x0000000701c00000| Untracked 
|   8|0x0000000701e00000, 0x0000000701f22200, 0x0000000702000000| 56%| O|  |TAMS 0x0000000701e00000, 0x0000000701e00000| Untracked 
|   9|0x0000000702000000, 0x0000000702000000, 0x0000000702200000|  0%| F|  |TAMS 0x0000000702000000, 0x0000000702000000| Untracked 
|  10|0x0000000702200000, 0x0000000702200000, 0x0000000702400000|  0%| F|  |TAMS 0x0000000702200000, 0x0000000702200000| Untracked 
|  11|0x0000000702400000, 0x0000000702400000, 0x0000000702600000|  0%| F|  |TAMS 0x0000000702400000, 0x0000000702400000| Untracked 
|  12|0x0000000702600000, 0x0000000702600000, 0x0000000702800000|  0%| F|  |TAMS 0x0000000702600000, 0x0000000702600000| Untracked 
|  13|0x0000000702800000, 0x0000000702800000, 0x0000000702a00000|  0%| F|  |TAMS 0x0000000702800000, 0x0000000702800000| Untracked 
|  14|0x0000000702a00000, 0x0000000702a00000, 0x0000000702c00000|  0%| F|  |TAMS 0x0000000702a00000, 0x0000000702a00000| Untracked 
|  15|0x0000000702c00000, 0x0000000702c00000, 0x0000000702e00000|  0%| F|  |TAMS 0x0000000702c00000, 0x0000000702c00000| Untracked 
|  16|0x0000000702e00000, 0x0000000702e00000, 0x0000000703000000|  0%| F|  |TAMS 0x0000000702e00000, 0x0000000702e00000| Untracked 
|  17|0x0000000703000000, 0x0000000703000000, 0x0000000703200000|  0%| F|  |TAMS 0x0000000703000000, 0x0000000703000000| Untracked 
|  18|0x0000000703200000, 0x0000000703200000, 0x0000000703400000|  0%| F|  |TAMS 0x0000000703200000, 0x0000000703200000| Untracked 
|  19|0x0000000703400000, 0x0000000703400000, 0x0000000703600000|  0%| F|  |TAMS 0x0000000703400000, 0x0000000703400000| Untracked 
|  20|0x0000000703600000, 0x0000000703600000, 0x0000000703800000|  0%| F|  |TAMS 0x0000000703600000, 0x0000000703600000| Untracked 
|  21|0x0000000703800000, 0x0000000703800000, 0x0000000703a00000|  0%| F|  |TAMS 0x0000000703800000, 0x0000000703800000| Untracked 
|  22|0x0000000703a00000, 0x0000000703a00000, 0x0000000703c00000|  0%| F|  |TAMS 0x0000000703a00000, 0x0000000703a00000| Untracked 
|  23|0x0000000703c00000, 0x0000000703c00000, 0x0000000703e00000|  0%| F|  |TAMS 0x0000000703c00000, 0x0000000703c00000| Untracked 
|  24|0x0000000703e00000, 0x0000000703edf080, 0x0000000704000000| 43%| E|  |TAMS 0x0000000703e00000, 0x0000000703e00000| Complete 
|  25|0x0000000704000000, 0x0000000704109708, 0x0000000704200000| 51%| S|CS|TAMS 0x0000000704000000, 0x0000000704000000| Complete 
|  26|0x0000000704200000, 0x0000000704400000, 0x0000000704400000|100%| S|CS|TAMS 0x0000000704200000, 0x0000000704200000| Complete 
|  27|0x0000000704400000, 0x0000000704600000, 0x0000000704600000|100%| E|CS|TAMS 0x0000000704400000, 0x0000000704400000| Complete 
|  28|0x0000000704600000, 0x0000000704800000, 0x0000000704800000|100%| E|CS|TAMS 0x0000000704600000, 0x0000000704600000| Complete 
|  57|0x0000000708000000, 0x0000000708200000, 0x0000000708200000|100%| E|CS|TAMS 0x0000000708000000, 0x0000000708000000| Complete 
|  58|0x0000000708200000, 0x0000000708400000, 0x0000000708400000|100%| E|CS|TAMS 0x0000000708200000, 0x0000000708200000| Complete 
|  59|0x0000000708400000, 0x0000000708600000, 0x0000000708600000|100%| E|CS|TAMS 0x0000000708400000, 0x0000000708400000| Complete 
| 126|0x0000000710a00000, 0x0000000710c00000, 0x0000000710c00000|100%| E|CS|TAMS 0x0000000710a00000, 0x0000000710a00000| Complete 
| 127|0x0000000710c00000, 0x0000000710e00000, 0x0000000710e00000|100%| E|CS|TAMS 0x0000000710c00000, 0x0000000710c00000| Complete 

Card table byte_map: [0x000001dd2e8d0000,0x000001dd2f0d0000] _byte_map_base: 0x000001dd2b0c9000

Marking Bits (Prev, Next): (CMBitMap*) 0x000001dd176946c0, (CMBitMap*) 0x000001dd17694700
 Prev Bits: [0x000001dd2f8d0000, 0x000001dd33898000)
 Next Bits: [0x000001dd338a0000, 0x000001dd37868000)

Polling page: 0x000001dd154d0000

Metaspace:

Usage:
  Non-class:     30.49 MB used.
      Class:      4.84 MB used.
       Both:     35.33 MB used.

Virtual space:
  Non-class space:       32.00 MB reserved,      30.69 MB ( 96%) committed,  4 nodes.
      Class space:        1.00 GB reserved,       5.00 MB ( <1%) committed,  1 nodes.
              Both:        1.03 GB reserved,      35.69 MB (  3%) committed. 

Chunk freelists:
   Non-Class:  1008.00 KB
       Class:  3.02 MB
        Both:  4.00 MB

MaxMetaspaceSize: 17179869184.00 GB
CompressedClassSpaceSize: 1.00 GB
 - commit_granule_bytes: 65536.
 - commit_granule_words: 8192.
 - virtual_space_node_default_size: 1048576.
 - enlarge_chunks_in_place: 1.
 - new_chunks_are_fully_committed: 0.
 - uncommit_free_chunks: 1.
 - use_allocation_guard: 0.
 - handle_deallocations: 1.


Internal statistics:

num_allocs_failed_limit: 6.
num_arena_births: 346.
num_arena_deaths: 0.
num_vsnodes_births: 5.
num_vsnodes_deaths: 0.
num_space_committed: 571.
num_space_uncommitted: 0.
num_chunks_returned_to_freelist: 6.
num_chunks_taken_from_freelist: 1671.
num_chunk_merges: 6.
num_chunk_splits: 1127.
num_chunks_enlarged: 854.
num_purges: 0.

CodeHeap 'non-profiled nmethods': size=120000Kb used=3305Kb max_used=3305Kb free=116694Kb
 bounds [0x000001dd26870000, 0x000001dd26bb0000, 0x000001dd2dda0000]
CodeHeap 'profiled nmethods': size=120000Kb used=9387Kb max_used=9387Kb free=110613Kb
 bounds [0x000001dd1f340000, 0x000001dd1fc70000, 0x000001dd26870000]
CodeHeap 'non-nmethods': size=5760Kb used=1310Kb max_used=1444Kb free=4449Kb
 bounds [0x000001dd1eda0000, 0x000001dd1f010000, 0x000001dd1f340000]
 total_blobs=4754 nmethods=4213 adapters=452
 compilation: enabled
              stopped_count=0, restarted_count=0
 full_count=0

Compilation events (20 events):
Event: 4.428 Thread 0x000001dd3a2ef7f0 nmethod 4228 0x000001dd26b6c190 code [0x000001dd26b6c320, 0x000001dd26b6c3f8]
Event: 4.433 Thread 0x000001dd3a2ef7f0 4229       1       org.mockito.internal.configuration.plugins.PluginRegistry::getMockResolvers (5 bytes)
Event: 4.433 Thread 0x000001dd3a2ef7f0 nmethod 4229 0x000001dd26b6c490 code [0x000001dd26b6c620, 0x000001dd26b6c6f8]
Event: 4.467 Thread 0x000001dd3ae31700 nmethod 4161 0x000001dd26b6c790 code [0x000001dd26b6ca60, 0x000001dd26b70780]
Event: 4.467 Thread 0x000001dd3ae31700 4206       4       jdk.internal.reflect.ClassFileAssembler::emitConstantPoolUTF8 (50 bytes)
Event: 4.481 Thread 0x000001dd3ae31700 nmethod 4206 0x000001dd26b73390 code [0x000001dd26b735e0, 0x000001dd26b74490]
Event: 4.481 Thread 0x000001dd3ae31700 4152   !   4       org.springframework.beans.factory.support.DefaultSingletonBeanRegistry::getSingleton (147 bytes)
Event: 4.511 Thread 0x000001dd3ae31700 nmethod 4152 0x000001dd26b74f90 code [0x000001dd26b75240, 0x000001dd26b77140]
Event: 4.511 Thread 0x000001dd3ae31700 4175       4       java.lang.StringConcatHelper::mix (27 bytes)
Event: 4.512 Thread 0x000001dd3ae31700 nmethod 4175 0x000001dd26b78190 code [0x000001dd26b78320, 0x000001dd26b78458]
Event: 4.512 Thread 0x000001dd3ae31700 4188       4       java.util.Optional::orElse (16 bytes)
Event: 4.512 Thread 0x000001dd3ae31700 nmethod 4188 0x000001dd26b78590 code [0x000001dd26b78700, 0x000001dd26b78798]
Event: 4.512 Thread 0x000001dd3ae31700 4157       4       jdk.internal.loader.BuiltinClassLoader::hasClassPath (13 bytes)
Event: 4.512 Thread 0x000001dd3ae31700 nmethod 4157 0x000001dd26b78890 code [0x000001dd26b78a00, 0x000001dd26b78a98]
Event: 4.512 Thread 0x000001dd3ae31700 4145       4       java.net.URLStreamHandler::toExternalForm (156 bytes)
Event: 4.540 Thread 0x000001dd3ae31700 nmethod 4145 0x000001dd26b78b90 code [0x000001dd26b78e00, 0x000001dd26b7a850]
Event: 4.566 Thread 0x000001dd3b6c2730 nmethod 4075 0x000001dd26b7c110 code [0x000001dd26b7c920, 0x000001dd26b86508]
Event: 4.748 Thread 0x000001dd3a2e8e70 nmethod 4141 0x000001dd26b91010 code [0x000001dd26b91980, 0x000001dd26b9d4d0]
Event: 236.193 Thread 0x000001dd3a2e8e70 4230       4       org.eclipse.jdt.launching.internal.org.objectweb.asm.SymbolTable::<init> (536 bytes)
Event: 236.608 Thread 0x000001dd3a2e8e70 


GC Heap History (18 events):
Event: 0.749 GC heap before
{Heap before GC invocations=0 (full 0):
 garbage-first heap   total 262144K, used 22528K [0x0000000700e00000, 0x0000000800000000)
  region size 2048K, 11 young (22528K), 0 survivors (0K)
 Metaspace       used 4285K, committed 4480K, reserved 1056768K
  class space    used 396K, committed 512K, reserved 1048576K
}
Event: 0.753 GC heap after
{Heap after GC invocations=1 (full 0):
 garbage-first heap   total 262144K, used 6187K [0x0000000700e00000, 0x0000000800000000)
  region size 2048K, 2 young (4096K), 2 survivors (4096K)
 Metaspace       used 4285K, committed 4480K, reserved 1056768K
  class space    used 396K, committed 512K, reserved 1048576K
}
Event: 1.142 GC heap before
{Heap before GC invocations=1 (full 0):
 garbage-first heap   total 262144K, used 34859K [0x0000000700e00000, 0x0000000800000000)
  region size 2048K, 16 young (32768K), 2 survivors (4096K)
 Metaspace       used 8183K, committed 8320K, reserved 1056768K
  class space    used 904K, committed 960K, reserved 1048576K
}
Event: 1.145 GC heap after
{Heap after GC invocations=2 (full 0):
 garbage-first heap   total 262144K, used 8170K [0x0000000700e00000, 0x0000000800000000)
  region size 2048K, 1 young (2048K), 1 survivors (2048K)
 Metaspace       used 8183K, committed 8320K, reserved 1056768K
  class space    used 904K, committed 960K, reserved 1048576K
}
Event: 2.322 GC heap before
{Heap before GC invocations=2 (full 0):
 garbage-first heap   total 262144K, used 143338K [0x0000000700e00000, 0x0000000800000000)
  region size 2048K, 68 young (139264K), 1 survivors (2048K)
 Metaspace       used 20985K, committed 21248K, reserved 1073152K
  class space    used 2672K, committed 2816K, reserved 1048576K
}
Event: 2.327 GC heap after
{Heap after GC invocations=3 (full 0):
 garbage-first heap   total 262144K, used 12441K [0x0000000700e00000, 0x0000000800000000)
  region size 2048K, 3 young (6144K), 3 survivors (6144K)
 Metaspace       used 20985K, committed 21248K, reserved 1073152K
  class space    used 2672K, committed 2816K, reserved 1048576K
}
Event: 2.537 GC heap before
{Heap before GC invocations=4 (full 0):
 garbage-first heap   total 61440K, used 59545K [0x0000000700e00000, 0x0000000800000000)
  region size 2048K, 26 young (53248K), 3 survivors (6144K)
 Metaspace       used 24484K, committed 24768K, reserved 1073152K
  class space    used 3080K, committed 3200K, reserved 1048576K
}
Event: 2.543 GC heap after
{Heap after GC invocations=5 (full 0):
 garbage-first heap   total 69632K, used 12980K [0x0000000700e00000, 0x0000000800000000)
  region size 2048K, 4 young (8192K), 4 survivors (8192K)
 Metaspace       used 24484K, committed 24768K, reserved 1073152K
  class space    used 3080K, committed 3200K, reserved 1048576K
}
Event: 2.833 GC heap before
{Heap before GC invocations=5 (full 0):
 garbage-first heap   total 69632K, used 45748K [0x0000000700e00000, 0x0000000800000000)
  region size 2048K, 20 young (40960K), 4 survivors (8192K)
 Metaspace       used 27456K, committed 27712K, reserved 1073152K
  class space    used 3513K, committed 3648K, reserved 1048576K
}
Event: 2.838 GC heap after
{Heap after GC invocations=6 (full 0):
 garbage-first heap   total 69632K, used 13743K [0x0000000700e00000, 0x0000000800000000)
  region size 2048K, 2 young (4096K), 2 survivors (4096K)
 Metaspace       used 27456K, committed 27712K, reserved 1073152K
  class space    used 3513K, committed 3648K, reserved 1048576K
}
Event: 3.177 GC heap before
{Heap before GC invocations=6 (full 0):
 garbage-first heap   total 69632K, used 46511K [0x0000000700e00000, 0x0000000800000000)
  region size 2048K, 18 young (36864K), 2 survivors (4096K)
 Metaspace       used 30243K, committed 30464K, reserved 1081344K
  class space    used 4038K, committed 4160K, reserved 1048576K
}
Event: 3.179 GC heap after
{Heap after GC invocations=7 (full 0):
 garbage-first heap   total 69632K, used 14070K [0x0000000700e00000, 0x0000000800000000)
  region size 2048K, 2 young (4096K), 2 survivors (4096K)
 Metaspace       used 30243K, committed 30464K, reserved 1081344K
  class space    used 4038K, committed 4160K, reserved 1048576K
}
Event: 3.632 GC heap before
{Heap before GC invocations=7 (full 0):
 garbage-first heap   total 69632K, used 48886K [0x0000000700e00000, 0x0000000800000000)
  region size 2048K, 19 young (38912K), 2 survivors (4096K)
 Metaspace       used 32845K, committed 33152K, reserved 1081344K
  class space    used 4472K, committed 4608K, reserved 1048576K
}
Event: 3.636 GC heap after
{Heap after GC invocations=8 (full 0):
 garbage-first heap   total 69632K, used 15923K [0x0000000700e00000, 0x0000000800000000)
  region size 2048K, 3 young (6144K), 3 survivors (6144K)
 Metaspace       used 32845K, committed 33152K, reserved 1081344K
  class space    used 4472K, committed 4608K, reserved 1048576K
}
Event: 3.976 GC heap before
{Heap before GC invocations=8 (full 0):
 garbage-first heap   total 69632K, used 48691K [0x0000000700e00000, 0x0000000800000000)
  region size 2048K, 19 young (38912K), 3 survivors (6144K)
 Metaspace       used 34801K, committed 35072K, reserved 1081344K
  class space    used 4740K, committed 4864K, reserved 1048576K
}
Event: 3.981 GC heap after
{Heap after GC invocations=9 (full 0):
 garbage-first heap   total 69632K, used 17749K [0x0000000700e00000, 0x0000000800000000)
  region size 2048K, 3 young (6144K), 3 survivors (6144K)
 Metaspace       used 34801K, committed 35072K, reserved 1081344K
  class space    used 4740K, committed 4864K, reserved 1048576K
}
Event: 4.186 GC heap before
{Heap before GC invocations=9 (full 0):
 garbage-first heap   total 69632K, used 30037K [0x0000000700e00000, 0x0000000800000000)
  region size 2048K, 10 young (20480K), 3 survivors (6144K)
 Metaspace       used 35349K, committed 35648K, reserved 1081344K
  class space    used 4807K, committed 4992K, reserved 1048576K
}
Event: 4.191 GC heap after
{Heap after GC invocations=10 (full 0):
 garbage-first heap   total 69632K, used 18824K [0x0000000700e00000, 0x0000000800000000)
  region size 2048K, 2 young (4096K), 2 survivors (4096K)
 Metaspace       used 35349K, committed 35648K, reserved 1081344K
  class space    used 4807K, committed 4992K, reserved 1048576K
}

Deoptimization events (20 events):
Event: 4.404 Thread 0x000001dd176403a0 DEOPT PACKING pc=0x000001dd1fb93a14 sp=0x0000004a900fc3e0
Event: 4.404 Thread 0x000001dd176403a0 DEOPT UNPACKING pc=0x000001dd1ededece sp=0x0000004a900fb930 mode 1
Event: 4.404 Thread 0x000001dd176403a0 DEOPT PACKING pc=0x000001dd1f86bd14 sp=0x0000004a900fc3f0
Event: 4.404 Thread 0x000001dd176403a0 DEOPT UNPACKING pc=0x000001dd1ededece sp=0x0000004a900fb8c0 mode 1
Event: 4.422 Thread 0x000001dd176403a0 DEOPT PACKING pc=0x000001dd1f54eb24 sp=0x0000004a900fc670
Event: 4.422 Thread 0x000001dd176403a0 DEOPT UNPACKING pc=0x000001dd1ededece sp=0x0000004a900fbb08 mode 1
Event: 4.422 Thread 0x000001dd176403a0 DEOPT PACKING pc=0x000001dd1f54dfe4 sp=0x0000004a900fc740
Event: 4.422 Thread 0x000001dd176403a0 DEOPT UNPACKING pc=0x000001dd1ededece sp=0x0000004a900fbbf8 mode 1
Event: 4.422 Thread 0x000001dd176403a0 DEOPT PACKING pc=0x000001dd1f513cc4 sp=0x0000004a900fd160
Event: 4.422 Thread 0x000001dd176403a0 DEOPT UNPACKING pc=0x000001dd1ededece sp=0x0000004a900fc638 mode 1
Event: 4.422 Thread 0x000001dd176403a0 DEOPT PACKING pc=0x000001dd1f8c3a64 sp=0x0000004a900fd200
Event: 4.422 Thread 0x000001dd176403a0 DEOPT UNPACKING pc=0x000001dd1ededece sp=0x0000004a900fc768 mode 1
Event: 4.422 Thread 0x000001dd176403a0 DEOPT PACKING pc=0x000001dd1f54eb24 sp=0x0000004a900fc6f0
Event: 4.422 Thread 0x000001dd176403a0 DEOPT UNPACKING pc=0x000001dd1ededece sp=0x0000004a900fbb88 mode 1
Event: 4.422 Thread 0x000001dd176403a0 DEOPT PACKING pc=0x000001dd1f54dfe4 sp=0x0000004a900fc7c0
Event: 4.422 Thread 0x000001dd176403a0 DEOPT UNPACKING pc=0x000001dd1ededece sp=0x0000004a900fbc78 mode 1
Event: 4.422 Thread 0x000001dd176403a0 DEOPT PACKING pc=0x000001dd1f513cc4 sp=0x0000004a900fd1e0
Event: 4.422 Thread 0x000001dd176403a0 DEOPT UNPACKING pc=0x000001dd1ededece sp=0x0000004a900fc6d0 mode 1
Event: 236.193 Thread 0x000001dd3adb21c0 DEOPT PACKING pc=0x000001dd1fb9c819 sp=0x0000004a912fe030
Event: 236.193 Thread 0x000001dd3adb21c0 DEOPT UNPACKING pc=0x000001dd1ededece sp=0x0000004a912fd5e0 mode 0

Classes unloaded (0 events):
No events

Classes redefined (3 events):
Event: 90.293 Thread 0x000001dd3a2c9500 redefined class name=cst438hw2.controller.CityRestControllerTest, count=1
Event: 161.338 Thread 0x000001dd3a2c9500 redefined class name=cst438hw2.controller.CityRestControllerTest, count=2
Event: 236.198 Thread 0x000001dd3a2c9500 redefined class name=cst438hw2.controller.CityRestControllerTest, count=3

Internal exceptions (20 events):
Event: 4.360 Thread 0x000001dd176403a0 Exception <a 'java/lang/ClassNotFoundException'{0x0000000708120730}: java/lang/ObjectCustomizer> (0x0000000708120730) 
thrown [t:\workspace\open\src\hotspot\share\classfile\systemDictionary.cpp, line 256]
Event: 4.361 Thread 0x000001dd176403a0 Exception <a 'java/lang/ClassNotFoundException'{0x000000070812aa88}: org/springframework/test/web/servlet/MockMvcCustomizer> (0x000000070812aa88) 
thrown [t:\workspace\open\src\hotspot\share\classfile\systemDictionary.cpp, line 256]
Event: 4.369 Thread 0x000001dd176403a0 Exception <a 'java/lang/ClassNotFoundException'{0x00000007081d7e38}: java/lang/ObjectCustomizer> (0x00000007081d7e38) 
thrown [t:\workspace\open\src\hotspot\share\classfile\systemDictionary.cpp, line 256]
Event: 4.370 Thread 0x000001dd176403a0 Exception <a 'java/lang/ClassNotFoundException'{0x00000007081e1990}: javax/servlet/GenericServletCustomizer> (0x00000007081e1990) 
thrown [t:\workspace\open\src\hotspot\share\classfile\systemDictionary.cpp, line 256]
Event: 4.371 Thread 0x000001dd176403a0 Exception <a 'java/lang/ClassNotFoundException'{0x00000007081f02b0}: javax/servlet/http/HttpServletCustomizer> (0x00000007081f02b0) 
thrown [t:\workspace\open\src\hotspot\share\classfile\systemDictionary.cpp, line 256]
Event: 4.372 Thread 0x000001dd176403a0 Exception <a 'java/lang/ClassNotFoundException'{0x00000007081fa300}: org/springframework/web/servlet/HttpServletBeanCustomizer> (0x00000007081fa300) 
thrown [t:\workspace\open\src\hotspot\share\classfile\systemDictionary.cpp, line 256]
Event: 4.373 Thread 0x000001dd176403a0 Exception <a 'java/lang/ClassNotFoundException'{0x0000000704607900}: org/springframework/web/servlet/FrameworkServletCustomizer> (0x0000000704607900) 
thrown [t:\workspace\open\src\hotspot\share\classfile\systemDictionary.cpp, line 256]
Event: 4.374 Thread 0x000001dd176403a0 Exception <a 'java/lang/ClassNotFoundException'{0x0000000704624ce0}: org/springframework/web/servlet/DispatcherServletCustomizer> (0x0000000704624ce0) 
thrown [t:\workspace\open\src\hotspot\share\classfile\systemDictionary.cpp, line 256]
Event: 4.375 Thread 0x000001dd176403a0 Exception <a 'java/lang/ClassNotFoundException'{0x0000000704639ff0}: org/springframework/test/web/servlet/TestDispatcherServletCustomizer> (0x0000000704639ff0) 
thrown [t:\workspace\open\src\hotspot\share\classfile\systemDictionary.cpp, line 256]
Event: 4.377 Thread 0x000001dd176403a0 Exception <a 'java/lang/ClassNotFoundException'{0x0000000704680718}: org/springframework/context/ApplicationContextAwareCustomizer> (0x0000000704680718) 
thrown [t:\workspace\open\src\hotspot\share\classfile\systemDictionary.cpp, line 256]
Event: 4.377 Thread 0x000001dd176403a0 Exception <a 'java/lang/ClassNotFoundException'{0x00000007046886e8}: org/springframework/beans/factory/AwareCustomizer> (0x00000007046886e8) 
thrown [t:\workspace\open\src\hotspot\share\classfile\systemDictionary.cpp, line 256]
Event: 4.378 Thread 0x000001dd176403a0 Exception <a 'java/lang/ClassNotFoundException'{0x000000070468f2f0}: org/springframework/core/env/EnvironmentCapableCustomizer> (0x000000070468f2f0) 
thrown [t:\workspace\open\src\hotspot\share\classfile\systemDictionary.cpp, line 256]
Event: 4.378 Thread 0x000001dd176403a0 Exception <a 'java/lang/ClassNotFoundException'{0x0000000704696f30}: org/springframework/context/EnvironmentAwareCustomizer> (0x0000000704696f30) 
thrown [t:\workspace\open\src\hotspot\share\classfile\systemDictionary.cpp, line 256]
Event: 4.379 Thread 0x000001dd176403a0 Exception <a 'java/lang/ClassNotFoundException'{0x000000070469e728}: org/springframework/beans/factory/AwareCustomizer> (0x000000070469e728) 
thrown [t:\workspace\open\src\hotspot\share\classfile\systemDictionary.cpp, line 256]
Event: 4.380 Thread 0x000001dd176403a0 Exception <a 'java/lang/ClassNotFoundException'{0x00000007046a4d78}: javax/servlet/ServletCustomizer> (0x00000007046a4d78) 
thrown [t:\workspace\open\src\hotspot\share\classfile\systemDictionary.cpp, line 256]
Event: 4.380 Thread 0x000001dd176403a0 Exception <a 'java/lang/ClassNotFoundException'{0x00000007046ae5f0}: javax/servlet/ServletConfigCustomizer> (0x00000007046ae5f0) 
thrown [t:\workspace\open\src\hotspot\share\classfile\systemDictionary.cpp, line 256]
Event: 4.391 Thread 0x000001dd176403a0 Exception <a 'java/lang/NoSuchMethodError'{0x0000000704759a40}: 'java.lang.Object java.lang.invoke.DirectMethodHandle$Holder.newInvokeSpecial(java.lang.Object, java.lang.Object, int, java.lang.Object, java.lang.Object)'> (0x0000000704759a40) 
thrown [t:\workspace\open\src\hotspot\share\interpreter\linkResolver.cpp, line 790]
Event: 4.403 Thread 0x000001dd176403a0 Exception <a 'java/lang/ClassNotFoundException'{0x00000007044187a8}: java/lang/ObjectCustomizer> (0x00000007044187a8) 
thrown [t:\workspace\open\src\hotspot\share\classfile\systemDictionary.cpp, line 256]
Event: 4.404 Thread 0x000001dd176403a0 Exception <a 'java/lang/ClassNotFoundException'{0x0000000704421f98}: cst438hw2/controller/CityRestControllerTestCustomizer> (0x0000000704421f98) 
thrown [t:\workspace\open\src\hotspot\share\classfile\systemDictionary.cpp, line 256]
Event: 4.423 Thread 0x000001dd176403a0 Exception <a 'java/lang/IncompatibleClassChangeError'{0x00000007044de1e8}: Found class java.lang.Object, but interface was expected> (0x00000007044de1e8) 
thrown [t:\workspace\open\src\hotspot\share\interpreter\linkResolver.cpp, line 857]

Events (20 events):
Event: 4183.102 Executing  VM operation: get/set locals done
Event: 4183.103 Executing  VM operation: get/set locals
Event: 4183.103 Executing  VM operation: get/set locals done
Event: 4183.103 Executing  VM operation: get/set locals
Event: 4183.103 Executing  VM operation: get/set locals done
Event: 4183.104 Executing  VM operation: get/set locals
Event: 4183.104 Executing  VM operation: get/set locals done
Event: 4183.104 Executing  VM operation: get/set locals
Event: 4183.104 Executing  VM operation: get/set locals done
Event: 4183.105 Executing  VM operation: get/set locals
Event: 4183.105 Executing  VM operation: get/set locals done
Event: 4183.128 Executing  VM operation: get/set locals
Event: 4183.129 Executing  VM operation: get/set locals done
Event: 4183.129 Executing  VM operation: get/set locals
Event: 4183.129 Executing  VM operation: get/set locals done
Event: 4183.130 Executing  VM operation: get/set locals
Event: 4183.130 Executing  VM operation: get/set locals done
Event: 4183.706 Executing  VM operation: get/set locals
Event: 4183.706 Executing  VM operation: get/set locals done
Event: 4183.713 Executing  VM operation: get/set locals


Dynamic libraries:
0x00007ff63fd40000 - 0x00007ff63fd50000 	C:\Program Files\Java\jdk-16.0.1\bin\javaw.exe
0x00007ffff38c0000 - 0x00007ffff3ab0000 	C:\WINDOWS\SYSTEM32\ntdll.dll
0x00007ffff3170000 - 0x00007ffff3222000 	C:\WINDOWS\System32\KERNEL32.DLL
0x00007ffff15c0000 - 0x00007ffff1865000 	C:\WINDOWS\System32\KERNELBASE.dll
0x00007ffff1870000 - 0x00007ffff196a000 	C:\WINDOWS\System32\ucrtbase.dll
0x00007fffca5c0000 - 0x00007fffca5d8000 	C:\Program Files\Java\jdk-16.0.1\bin\jli.dll
0x00007fffdcfd0000 - 0x00007fffdcfe9000 	C:\Program Files\Java\jdk-16.0.1\bin\VCRUNTIME140.dll
0x00007ffff37d0000 - 0x00007ffff3873000 	C:\WINDOWS\System32\ADVAPI32.dll
0x00007ffff1df0000 - 0x00007ffff1e8e000 	C:\WINDOWS\System32\msvcrt.dll
0x00007ffff1d50000 - 0x00007ffff1de7000 	C:\WINDOWS\System32\sechost.dll
0x00007ffff1ae0000 - 0x00007ffff1bff000 	C:\WINDOWS\System32\RPCRT4.dll
0x00007ffff1e90000 - 0x00007ffff2024000 	C:\WINDOWS\System32\USER32.dll
0x00007ffff1290000 - 0x00007ffff12b1000 	C:\WINDOWS\System32\win32u.dll
0x00007ffff37a0000 - 0x00007ffff37c6000 	C:\WINDOWS\System32\GDI32.dll
0x00007fffdc570000 - 0x00007fffdc7f4000 	C:\WINDOWS\WinSxS\amd64_microsoft.windows.common-controls_6595b64144ccf1df_6.0.18362.1500_none_9e79be6de462295c\COMCTL32.dll
0x00007ffff1010000 - 0x00007ffff11a8000 	C:\WINDOWS\System32\gdi32full.dll
0x00007ffff32b0000 - 0x00007ffff35e6000 	C:\WINDOWS\System32\combase.dll
0x00007ffff1520000 - 0x00007ffff15be000 	C:\WINDOWS\System32\msvcp_win.dll
0x00007ffff1200000 - 0x00007ffff1281000 	C:\WINDOWS\System32\bcryptPrimitives.dll
0x00007fffeab50000 - 0x00007fffeab5a000 	C:\WINDOWS\SYSTEM32\VERSION.dll
0x00007ffff2160000 - 0x00007ffff218e000 	C:\WINDOWS\System32\IMM32.DLL
0x00007fffdcf40000 - 0x00007fffdcf4c000 	C:\Program Files\Java\jdk-16.0.1\bin\vcruntime140_1.dll
0x00007fffa8810000 - 0x00007fffa88a1000 	C:\Program Files\Java\jdk-16.0.1\bin\msvcp140.dll
0x00007fff91c30000 - 0x00007fff927db000 	C:\Program Files\Java\jdk-16.0.1\bin\server\jvm.dll
0x00007ffff1d40000 - 0x00007ffff1d48000 	C:\WINDOWS\System32\PSAPI.DLL
0x00007fffc4290000 - 0x00007fffc4299000 	C:\WINDOWS\SYSTEM32\WSOCK32.dll
0x00007fffee510000 - 0x00007fffee534000 	C:\WINDOWS\SYSTEM32\WINMM.dll
0x00007ffff2c10000 - 0x00007ffff2c7f000 	C:\WINDOWS\System32\WS2_32.dll
0x00007fffee3b0000 - 0x00007fffee3dd000 	C:\WINDOWS\SYSTEM32\WINMMBASE.dll
0x00007ffff11b0000 - 0x00007ffff11fa000 	C:\WINDOWS\System32\cfgmgr32.dll
0x00007ffff0780000 - 0x00007ffff0791000 	C:\WINDOWS\System32\kernel.appcore.dll
0x00007fffdcd10000 - 0x00007fffdcd1a000 	C:\Program Files\Java\jdk-16.0.1\bin\jimage.dll
0x00007fffef100000 - 0x00007fffef2f4000 	C:\WINDOWS\SYSTEM32\DBGHELP.DLL
0x00007fffe31c0000 - 0x00007fffe31ea000 	C:\WINDOWS\SYSTEM32\dbgcore.DLL
0x00007fffba890000 - 0x00007fffba8cb000 	C:\Program Files\Java\jdk-16.0.1\bin\jdwp.dll
0x00007fffcd8c0000 - 0x00007fffcd8ce000 	C:\Program Files\Java\jdk-16.0.1\bin\instrument.dll
0x00007fffbec20000 - 0x00007fffbec45000 	C:\Program Files\Java\jdk-16.0.1\bin\java.dll
0x00007ffff2520000 - 0x00007ffff2c08000 	C:\WINDOWS\System32\SHELL32.dll
0x00007ffff20b0000 - 0x00007ffff2157000 	C:\WINDOWS\System32\shcore.dll
0x00007ffff0830000 - 0x00007ffff0fab000 	C:\WINDOWS\System32\windows.storage.dll
0x00007ffff07a0000 - 0x00007ffff07be000 	C:\WINDOWS\System32\profapi.dll
0x00007ffff07c0000 - 0x00007ffff080a000 	C:\WINDOWS\System32\powrprof.dll
0x00007ffff0770000 - 0x00007ffff0780000 	C:\WINDOWS\System32\UMPDC.dll
0x00007ffff1c60000 - 0x00007ffff1cb2000 	C:\WINDOWS\System32\shlwapi.dll
0x00007ffff1500000 - 0x00007ffff1517000 	C:\WINDOWS\System32\cryptsp.dll
0x00007fffbe360000 - 0x00007fffbe36c000 	C:\Program Files\Java\jdk-16.0.1\bin\dt_socket.dll
0x00007fffefc80000 - 0x00007fffefcba000 	C:\WINDOWS\SYSTEM32\IPHLPAPI.DLL
0x00007fffeff60000 - 0x00007fffeffc7000 	C:\WINDOWS\system32\mswsock.dll
0x00007fffefcc0000 - 0x00007fffefd8b000 	C:\WINDOWS\SYSTEM32\DNSAPI.dll
0x00007ffff1970000 - 0x00007ffff1978000 	C:\WINDOWS\System32\NSI.dll
0x00007fffe8230000 - 0x00007fffe823a000 	C:\Windows\System32\rasadhlp.dll
0x00007fffe9780000 - 0x00007fffe97f7000 	C:\WINDOWS\System32\fwpuclnt.dll
0x00007ffff12c0000 - 0x00007ffff12e6000 	C:\WINDOWS\System32\bcrypt.dll
0x00007fffb80a0000 - 0x00007fffb80b8000 	C:\Program Files\Java\jdk-16.0.1\bin\zip.dll
0x00007fffb7b30000 - 0x00007fffb7b49000 	C:\Program Files\Java\jdk-16.0.1\bin\net.dll
0x00007fffe71d0000 - 0x00007fffe72ca000 	C:\WINDOWS\SYSTEM32\WINHTTP.dll
0x00007fffb6ee0000 - 0x00007fffb6ef3000 	C:\Program Files\Java\jdk-16.0.1\bin\nio.dll
0x00007fffbe040000 - 0x00007fffbe050000 	C:\Program Files\Java\jdk-16.0.1\bin\verify.dll
0x00007fffea9d0000 - 0x00007fffea9e6000 	C:\WINDOWS\SYSTEM32\dhcpcsvc6.DLL
0x00007fffea9b0000 - 0x00007fffea9cc000 	C:\WINDOWS\SYSTEM32\dhcpcsvc.DLL
0x00007fffbce20000 - 0x00007fffbce29000 	C:\Program Files\Java\jdk-16.0.1\bin\management.dll
0x00007fffbccf0000 - 0x00007fffbccfb000 	C:\Program Files\Java\jdk-16.0.1\bin\management_ext.dll
0x00007fffc72f0000 - 0x00007fffc7306000 	C:\WINDOWS\system32\napinsp.dll
0x00007fffc72d0000 - 0x00007fffc72ea000 	C:\WINDOWS\system32\pnrpnsp.dll
0x00007fffc72b0000 - 0x00007fffc72c5000 	C:\WINDOWS\system32\wshbth.dll
0x00007fffecc60000 - 0x00007fffecc7c000 	C:\WINDOWS\system32\NLAapi.dll
0x00007fffc72a0000 - 0x00007fffc72ae000 	C:\WINDOWS\System32\winrnr.dll

dbghelp: loaded successfully - version: 4.0.5 - missing functions: none
symbol engine: initialized successfully - sym options: 0x614 - pdb path: .;C:\Program Files\Java\jdk-16.0.1\bin;C:\WINDOWS\SYSTEM32;C:\WINDOWS\WinSxS\amd64_microsoft.windows.common-controls_6595b64144ccf1df_6.0.18362.1500_none_9e79be6de462295c;C:\Program Files\Java\jdk-16.0.1\bin\server

VM Arguments:
jvm_args: -XX:+ShowCodeDetailsInExceptionMessages -agentlib:jdwp=transport=dt_socket,suspend=y,address=localhost:54768 -ea -javaagent:C:\Users\Bijan\Desktop\eclipse\eclipse\configuration\org.eclipse.osgi\412\0\.cp\lib\javaagent-shaded.jar -Dfile.encoding=UTF-8 
java_command: org.eclipse.jdt.internal.junit.runner.RemoteTestRunner -version 3 -port 54767 -testLoaderClass org.eclipse.jdt.internal.junit5.runner.JUnit5TestLoader -loaderpluginname org.eclipse.jdt.junit5.runtime -classNames cst438hw2.controller.CityRestControllerTest
java_class_path (initial): C:\Users\Bijan\git\CST438HW2\cst438hw2\target\test-classes;C:\Users\Bijan\git\CST438HW2\cst438hw2\target\classes;C:\Users\Bijan\.m2\repository\org\springframework\boot\spring-boot-starter-thymeleaf\2.4.5\spring-boot-starter-thymeleaf-2.4.5.jar;C:\Users\Bijan\.m2\repository\org\springframework\boot\spring-boot-starter\2.4.5\spring-boot-starter-2.4.5.jar;C:\Users\Bijan\.m2\repository\org\springframework\boot\spring-boot-starter-logging\2.4.5\spring-boot-starter-logging-2.4.5.jar;C:\Users\Bijan\.m2\repository\ch\qos\logback\logback-classic\1.2.3\logback-classic-1.2.3.jar;C:\Users\Bijan\.m2\repository\ch\qos\logback\logback-core\1.2.3\logback-core-1.2.3.jar;C:\Users\Bijan\.m2\repository\org\apache\logging\log4j\log4j-to-slf4j\2.13.3\log4j-to-slf4j-2.13.3.jar;C:\Users\Bijan\.m2\repository\org\apache\logging\log4j\log4j-api\2.13.3\log4j-api-2.13.3.jar;C:\Users\Bijan\.m2\repository\org\slf4j\jul-to-slf4j\1.7.30\jul-to-slf4j-1.7.30.jar;C:\Users\Bijan\.m2\repository\jakarta\annotation\jakarta.annotation-api\1.3.5\jakarta.annotation-api-1.3.5.jar;C:\Users\Bijan\.m2\repository\org\yaml\snakeyaml\1.27\snakeyaml-1.27.jar;C:\Users\Bijan\.m2\repository\org\thymeleaf\thymeleaf-spring5\3.0.12.RELEASE\thymeleaf-spring5-3.0.12.RELEASE.jar;C:\Users\Bijan\.m2\repository\org\thymeleaf\thymeleaf\3.0.12.RELEASE\thymeleaf-3.0.12.RELEASE.jar;C:\Users\Bijan\.m2\repository\org\attoparser\attoparser\2.0.5.RELEASE\attoparser-2.0.5.RELEASE.jar;C:\Users\Bijan\.m2\repository\org\unbescape\unbescape\1.1.6.RELEASE\unbescape-1.1.6.RELEASE.jar;C:\Users\Bijan\.m2\repository\org\slf4j\slf4j-api\1.7.30\slf4j-api-1.7.30.jar;C:\Users\Bijan\.m2\repository\org\thymeleaf\extras\thymeleaf-extras-java8time\3.0.4.RELEASE\thymeleaf-extras-java8time-3.0.4.RELEASE.jar;C:\Users\Bijan\.m2\repository\org\springframework\boot\spring-boot-starter-validation\2.4.5\spring-boot-starter-validation-2.4.5.jar;C:\Users\Bijan\.m2\repository\org\glassfish\jakarta.el\3.0.3\jakarta.el-3.0.3.jar;C:\Users
Launcher Type: SUN_STANDARD

[Global flags]
     intx CICompilerCount                          = 4                                         {product} {ergonomic}
     uint ConcGCThreads                            = 2                                         {product} {ergonomic}
     uint G1ConcRefinementThreads                  = 8                                         {product} {ergonomic}
   size_t G1HeapRegionSize                         = 2097152                                   {product} {ergonomic}
    uintx GCDrainStackTargetSize                   = 64                                        {product} {ergonomic}
   size_t InitialHeapSize                          = 268435456                                 {product} {ergonomic}
   size_t MarkStackSize                            = 4194304                                   {product} {ergonomic}
   size_t MaxHeapSize                              = 4280287232                                {product} {ergonomic}
   size_t MaxNewSize                               = 2566914048                                {product} {ergonomic}
   size_t MinHeapDeltaBytes                        = 2097152                                   {product} {ergonomic}
   size_t MinHeapSize                              = 8388608                                   {product} {ergonomic}
    uintx NonNMethodCodeHeapSize                   = 5839372                                {pd product} {ergonomic}
    uintx NonProfiledCodeHeapSize                  = 122909434                              {pd product} {ergonomic}
    uintx ProfiledCodeHeapSize                     = 122909434                              {pd product} {ergonomic}
    uintx ReservedCodeCacheSize                    = 251658240                              {pd product} {ergonomic}
     bool SegmentedCodeCache                       = true                                      {product} {ergonomic}
     bool ShowCodeDetailsInExceptionMessages       = true                                   {manageable} {command line}
   size_t SoftMaxHeapSize                          = 4280287232                             {manageable} {ergonomic}
     bool UseCompressedClassPointers               = true                           {product lp64_product} {ergonomic}
     bool UseCompressedOops                        = true                           {product lp64_product} {ergonomic}
     bool UseG1GC                                  = true                                      {product} {ergonomic}
     bool UseLargePagesIndividualAllocation        = false                                  {pd product} {ergonomic}

Logging:
Log output configuration:
 #0: stdout all=warning uptime,level,tags
 #1: stderr all=off uptime,level,tags

Environment Variables:
PATH=C:/Users/Bijan/Desktop/eclipse/eclipse//plugins/org.eclipse.justj.openjdk.hotspot.jre.full.win32.x86_64_15.0.2.v20210201-0955/jre/bin/server;C:/Users/Bijan/Desktop/eclipse/eclipse//plugins/org.eclipse.justj.openjdk.hotspot.jre.full.win32.x86_64_15.0.2.v20210201-0955/jre/bin;C:\Program Files\Common Files\Oracle\Java\javapath;C:\Python27\;C:\Python27\Scripts;C:\WINDOWS\system32;C:\WINDOWS;C:\WINDOWS\System32\Wbem;C:\WINDOWS\System32\WindowsPowerShell\v1.0\;C:\WINDOWS\System32\OpenSSH\;C:\Program Files\nodejs\;C:\ProgramData\chocolatey\bin;C:\Program Files\dotnet\;C:\Program Files\Microsoft SQL Server\130\Tools\Binn\;C:\Program Files\Microsoft SQL Server\Client SDK\ODBC\170\Tools\Binn\;C:\Program Files (x86)\Microsoft SQL Server\150\Tools\Binn\;C:\Program Files\Microsoft SQL Server\150\Tools\Binn\;C:\Program Files\Microsoft SQL Server\150\DTS\Binn\;C:\Program Files (x86)\Microsoft SQL Server\150\DTS\Binn\;C:\Program Files\Git\cmd;C:\Program Files (x86)\PuTTY\;C:\Program Files\Java\jdk-16.0.1\bin;C:\Users\Bijan\AppData\Local\Microsoft\WindowsApps;C:\Users\Bijan\AppData\Local\Programs\Microsoft VS Code\bin;C:\Users\Bijan\AppData\Roaming\npm;C:\Users\Bijan\AppData\Local\Programs\Fiddler;C:\Users\Bijan\.dotnet\tools;C:\Users\Bijan\AppData\Local\GitHubDesktop\bin;C:\Users\Bijan\Desktop\eclipse\eclipse;
USERNAME=Bijan
OS=Windows_NT
PROCESSOR_IDENTIFIER=Intel64 Family 6 Model 158 Stepping 9, GenuineIntel



---------------  S Y S T E M  ---------------

OS:
 Windows 10 , 64 bit Build 18362 (10.0.18362.1500)
OS uptime: 0 days 11:44 hours
Hyper-V role detected

CPU: total 8 (initial active 8) (4 cores per cpu, 2 threads per core) family 6 model 158 stepping 9 microcode 0xde, cx8, cmov, fxsr, ht, mmx, 3dnowpref, sse, sse2, sse3, ssse3, sse4.1, sse4.2, popcnt, lzcnt, tsc, tscinvbit, avx, avx2, aes, erms, clmul, bmi1, bmi2, rtm, adx, fma, vzeroupper, clflush, clflushopt, hv

Memory: 4k page, system-wide physical 16327M (8696M free)
TotalPageFile size 17351M (AvailPageFile size 6369M)
current process WorkingSet (physical memory assigned to process): 174M, peak: 326M
current process commit charge ("private bytes"): 218M, peak: 496M

vm_info: Java HotSpot(TM) 64-Bit Server VM (16.0.1+9-24) for windows-amd64 JRE (16.0.1+9-24), built on Mar 26 2021 19:31:42 by "mach5one" with MS VC++ 16.7 (VS2019)

END.
